[debug] [2022-06-27T14:21:09.032Z] ----------------------------------------------------------------------
[debug] [2022-06-27T14:21:09.034Z] Command:       C:\Program Files\nodejs\node.exe C:\Users\amit\AppData\Roaming\npm\node_modules\firebase-tools\lib\bin\firebase.js init
[debug] [2022-06-27T14:21:09.034Z] CLI Version:   11.1.0
[debug] [2022-06-27T14:21:09.034Z] Platform:      win32
[debug] [2022-06-27T14:21:09.034Z] Node Version:  v17.0.1
[debug] [2022-06-27T14:21:09.035Z] Time:          Mon Jun 27 2022 19:51:09 GMT+0530 (India Standard Time)
[debug] [2022-06-27T14:21:09.035Z] ----------------------------------------------------------------------
[debug] 
[debug] [2022-06-27T14:21:09.094Z] > command requires scopes: ["email","openid","https://www.googleapis.com/auth/cloudplatformprojects.readonly","https://www.googleapis.com/auth/firebase","https://www.googleapis.com/auth/cloud-platform"]
[debug] [2022-06-27T14:21:09.094Z] > authorizing via signed-in user (hitesh@abnd.in)
[info] 
     ######## #### ########  ######## ########     ###     ######  ########
     ##        ##  ##     ## ##       ##     ##  ##   ##  ##       ##
     ######    ##  ########  ######   ########  #########  ######  ######
     ##        ##  ##    ##  ##       ##     ## ##     ##       ## ##
     ##       #### ##     ## ######## ########  ##     ##  ######  ########

You're about to initialize a Firebase project in this directory:

  C:\Users\amit\Desktop\ABND React\abnd

Before we get started, keep in mind:

  * You are initializing within an existing Firebase project directory

[info] 
=== Project Setup
[info] 
[info] First, let's associate this project directory with a Firebase project.
[info] You can create multiple project aliases by running firebase use --add, 
[info] but for now we'll just set up a default project.
[info] 
[debug] [2022-06-27T14:21:15.935Z] Using project from CLI flag: abndtest-46532
[debug] [2022-06-27T14:21:15.937Z] >>> [apiv2][query] GET https://firebase.googleapis.com/v1beta1/projects/abndtest-46532 [none]
[debug] [2022-06-27T14:21:16.429Z] <<< [apiv2][status] GET https://firebase.googleapis.com/v1beta1/projects/abndtest-46532 200
[debug] [2022-06-27T14:21:16.429Z] <<< [apiv2][body] GET https://firebase.googleapis.com/v1beta1/projects/abndtest-46532 {"projectId":"abndtest-46532","projectNumber":"776750194373","displayName":"ABNDTest","name":"projects/abndtest-46532","resources":{"hostingSite":"abndtest-46532"},"state":"ACTIVE"}
[info] i  Using project abndtest-46532 (ABNDTest) 
[info] 
=== Hosting Setup
[info] 
[info] Your public directory is the folder (relative to your project directory) that
[info] will contain Hosting assets to be uploaded with firebase deploy. If you
[info] have a build process for your assets, use your build's output directory.
[info] 
